{"total": {"lines":{"total":147,"covered":146,"skipped":0,"pct":99.32},"statements":{"total":157,"covered":156,"skipped":0,"pct":99.36},"functions":{"total":27,"covered":27,"skipped":0,"pct":100},"branches":{"total":115,"covered":113,"skipped":0,"pct":98.26}}
,"/home/nasreddine/personal/sweet-collections/src/array/SortedArray.ts": {"lines":{"total":147,"covered":146,"skipped":0,"pct":99.32},"functions":{"total":27,"covered":27,"skipped":0,"pct":100},"statements":{"total":157,"covered":156,"skipped":0,"pct":99.36},"branches":{"total":115,"covered":113,"skipped":0,"pct":98.26}}
}
